mode: set
github.com/Jameslikestea/d-badger/persistence/s3/s3.go:35.12,43.2 2 0
github.com/Jameslikestea/d-badger/persistence/s3/s3.go:46.54,51.16 2 1
github.com/Jameslikestea/d-badger/persistence/s3/s3.go:61.2,61.22 1 1
github.com/Jameslikestea/d-badger/persistence/s3/s3.go:51.16,53.10 2 0
github.com/Jameslikestea/d-badger/persistence/s3/s3.go:56.3,56.41 1 0
github.com/Jameslikestea/d-badger/persistence/s3/s3.go:53.10,55.4 1 0
github.com/Jameslikestea/d-badger/persistence/s3/s3.go:56.41,58.4 1 0
github.com/Jameslikestea/d-badger/persistence/s3/s3.go:65.54,75.2 3 0
github.com/Jameslikestea/d-badger/persistence/s3/s3.go:84.55,92.16 3 0
github.com/Jameslikestea/d-badger/persistence/s3/s3.go:96.2,96.20 1 0
github.com/Jameslikestea/d-badger/persistence/s3/s3.go:92.16,94.3 1 0
